Build started 2016/3/8 16:22:21.
     1>Project "E:\Project\little_utils\PE_to_shellcode\shellcode_loader\shellcode_loader\shellcode_loader.vcxproj" on node 2 (build target(s)).
     1>InitializeBuildStatus:
         Creating "Release\shellcode_loader.unsuccessfulbuild" because "AlwaysCreate" was specified.
       ClCompile:
         D:\Program Files (x86)\Microsoft Visual Studio 10.0\VC\bin\CL.exe /c /Zi /nologo /W3 /WX- /Od /Oi /Oy- /GL /D WIN32 /D NDEBUG /D _WINDOWS /D _UNICODE /D UNICODE /Gm- /EHsc /MD /GS /Gy /fp:precise /Zc:wchar_t /Zc:forScope /Fo"Release\\" /Fd"Release\vc100.pdb" /Gd /TP /analyze- /errorReport:prompt 90_shellcode.cpp
         90_shellcode.cpp
       Link:
         D:\Program Files (x86)\Microsoft Visual Studio 10.0\VC\bin\link.exe /ERRORREPORT:PROMPT /OUT:"E:\Project\little_utils\PE_to_shellcode\shellcode_loader\shellcode_loader\Release\shellcode_loader.exe" /INCREMENTAL:NO /NOLOGO kernel32.lib user32.lib gdi32.lib winspool.lib comdlg32.lib advapi32.lib shell32.lib ole32.lib oleaut32.lib uuid.lib odbc32.lib odbccp32.lib /MANIFEST /ManifestFile:"Release\shellcode_loader.exe.intermediate.manifest" /MANIFESTUAC:"level='asInvoker' uiAccess='false'" /DEBUG /PDB:"E:\Project\little_utils\PE_to_shellcode\shellcode_loader\shellcode_loader\Release\shellcode_loader.pdb" /SUBSYSTEM:WINDOWS /OPT:REF /OPT:ICF /LTCG /TLBID:1 /ENTRY:"main" /DYNAMICBASE /NXCOMPAT /IMPLIB:"E:\Project\little_utils\PE_to_shellcode\shellcode_loader\shellcode_loader\Release\shellcode_loader.lib" /MACHINE:X86 Release\90_shellcode.obj
         Generating code
         Finished generating code
         shellcode_loader.vcxproj -> E:\Project\little_utils\PE_to_shellcode\shellcode_loader\shellcode_loader\Release\shellcode_loader.exe
       Manifest:
         C:\Program Files (x86)\Microsoft SDKs\Windows\v7.0A\bin\mt.exe /nologo /verbose /outputresource:"E:\Project\little_utils\PE_to_shellcode\shellcode_loader\shellcode_loader\Release\shellcode_loader.exe;#1" /manifest Release\shellcode_loader.exe.intermediate.manifest
       FinalizeBuildStatus:
         Deleting file "Release\shellcode_loader.unsuccessfulbuild".
         Touching "Release\shellcode_loader.lastbuildstate".
     1>Done Building Project "E:\Project\little_utils\PE_to_shellcode\shellcode_loader\shellcode_loader\shellcode_loader.vcxproj" (build target(s)).

Build succeeded.

Time Elapsed 00:00:03.16
